<?xml version="1.0" encoding="UTF-8"?>
<!-- Generated by org.testng.reporters.JUnitReportReporter -->
<testsuite hostname="DESKTOP-OG1OCES" failures="0" tests="4" name="tests.Adding_Items_To_Cart" time="24.345" errors="0" timestamp="2021-03-18T01:07:19 EET" skipped="0">
  <testcase classname="tests.Adding_Items_To_Cart" name="add_items" time="6.666"/>
  <system-out/>
  <testcase classname="tests.Adding_Items_To_Cart" name="product_steps" time="13.263"/>
  <system-out/>
  <testcase classname="tests.Adding_Items_To_Cart" name="cart_steps" time="4.023"/>
  <system-out/>
  <testcase classname="tests.Adding_Items_To_Cart" name="cheking_price_step" time="0.393"/>
  <system-out/>
</testsuite> <!-- tests.Adding_Items_To_Cart -->
